2026-03-16 00:04:59.872 [scheduling-1] INFO  [] p.m.service.ExpiryMonitorService - [ExpiryMonitor] Running daily expiry check...
2026-03-16 00:20:54.331 [http-nio-8080-exec-3] DEBUG [] o.s.security.web.FilterChainProxy - Securing OPTIONS /api/v1/auth/login
2026-03-16 00:20:54.338 [http-nio-8080-exec-1] DEBUG [] o.s.security.web.FilterChainProxy - Securing POST /api/v1/auth/login
2026-03-16 00:20:54.363 [http-nio-8080-exec-1] DEBUG [] o.s.security.web.FilterChainProxy - Secured POST /api/v1/auth/login
2026-03-16 00:20:54.954 [http-nio-8080-exec-1] DEBUG [] o.s.s.a.d.DaoAuthenticationProvider - Authenticated user
2026-03-16 00:20:59.877 [http-nio-8080-exec-8] DEBUG [] o.s.security.web.FilterChainProxy - Securing OPTIONS /api/v1/auth/login
2026-03-16 00:20:59.880 [http-nio-8080-exec-5] DEBUG [] o.s.security.web.FilterChainProxy - Securing POST /api/v1/auth/login
2026-03-16 00:20:59.880 [http-nio-8080-exec-5] DEBUG [] o.s.s.w.a.AnonymousAuthenticationFilter - Set SecurityContextHolder to anonymous SecurityContext
2026-03-16 00:20:59.895 [http-nio-8080-exec-5] DEBUG [] o.s.security.web.FilterChainProxy - Secured POST /api/v1/auth/login
2026-03-16 00:21:00.502 [http-nio-8080-exec-5] DEBUG [] o.s.s.a.d.DaoAuthenticationProvider - Authenticated user
2026-03-16 00:21:00.533 [http-nio-8080-exec-2] DEBUG [] o.s.security.web.FilterChainProxy - Securing OPTIONS /api/v1/transfer/my-stock
2026-03-16 00:21:00.535 [http-nio-8080-exec-10] DEBUG [] o.s.security.web.FilterChainProxy - Securing OPTIONS /api/v1/transfer/pending
2026-03-16 00:21:00.538 [http-nio-8080-exec-4] DEBUG [] o.s.security.web.FilterChainProxy - Securing OPTIONS /api/v1/complaints/my
2026-03-16 00:21:00.545 [http-nio-8080-exec-6] DEBUG [] o.s.security.web.FilterChainProxy - Securing GET /api/v1/transfer/my-stock
2026-03-16 00:21:00.547 [http-nio-8080-exec-10] DEBUG [] o.s.security.web.FilterChainProxy - Securing GET /api/v1/transfer/pending
2026-03-16 00:21:00.547 [http-nio-8080-exec-9] DEBUG [] o.s.security.web.FilterChainProxy - Securing GET /api/v1/complaints/my
2026-03-16 00:21:00.567 [http-nio-8080-exec-6] DEBUG [] o.s.security.web.FilterChainProxy - Secured GET /api/v1/transfer/my-stock
2026-03-16 00:21:00.572 [http-nio-8080-exec-10] DEBUG [] o.s.security.web.FilterChainProxy - Secured GET /api/v1/transfer/pending
2026-03-16 00:21:00.572 [http-nio-8080-exec-6] DEBUG [] o.s.s.a.m.AuthorizationManagerBeforeMethodInterceptor - Authorizing method invocation ReflectiveMethodInvocation: public org.springframework.http.ResponseEntity pharmatrust.manufacturing_system.controller.TransferController.getMyStock(org.springframework.security.core.Authentication); target is of class [pharmatrust.manufacturing_system.controller.TransferController]
2026-03-16 00:21:00.572 [http-nio-8080-exec-10] DEBUG [] o.s.s.a.m.AuthorizationManagerBeforeMethodInterceptor - Authorizing method invocation ReflectiveMethodInvocation: public org.springframework.http.ResponseEntity pharmatrust.manufacturing_system.controller.TransferController.getPendingTransfers(org.springframework.security.core.Authentication); target is of class [pharmatrust.manufacturing_system.controller.TransferController]
2026-03-16 00:21:00.572 [http-nio-8080-exec-6] DEBUG [] o.s.s.a.m.AuthorizationManagerBeforeMethodInterceptor - Authorized method invocation ReflectiveMethodInvocation: public org.springframework.http.ResponseEntity pharmatrust.manufacturing_system.controller.TransferController.getMyStock(org.springframework.security.core.Authentication); target is of class [pharmatrust.manufacturing_system.controller.TransferController]
2026-03-16 00:21:00.581 [http-nio-8080-exec-9] DEBUG [] o.s.security.web.FilterChainProxy - Secured GET /api/v1/complaints/my
2026-03-16 00:21:00.581 [http-nio-8080-exec-10] DEBUG [] o.s.s.a.m.AuthorizationManagerBeforeMethodInterceptor - Authorized method invocation ReflectiveMethodInvocation: public org.springframework.http.ResponseEntity pharmatrust.manufacturing_system.controller.TransferController.getPendingTransfers(org.springframework.security.core.Authentication); target is of class [pharmatrust.manufacturing_system.controller.TransferController]
2026-03-16 00:21:00.581 [http-nio-8080-exec-9] DEBUG [] o.s.s.a.m.AuthorizationManagerBeforeMethodInterceptor - Authorizing method invocation ReflectiveMethodInvocation: public org.springframework.http.ResponseEntity pharmatrust.manufacturing_system.controller.ComplaintController.getMyComplaints(org.springframework.security.core.Authentication); target is of class [pharmatrust.manufacturing_system.controller.ComplaintController]
2026-03-16 00:21:00.581 [http-nio-8080-exec-9] DEBUG [] o.s.s.a.m.AuthorizationManagerBeforeMethodInterceptor - Failed to authorize ReflectiveMethodInvocation: public org.springframework.http.ResponseEntity pharmatrust.manufacturing_system.controller.ComplaintController.getMyComplaints(org.springframework.security.core.Authentication); target is of class [pharmatrust.manufacturing_system.controller.ComplaintController] with authorization manager org.springframework.security.authorization.ObservationAuthorizationManager@54b866b9 and result ExpressionAuthorizationDecision [granted=false, expressionAttribute=hasAnyAuthority('DISTRIBUTOR','RETAILER','PHARMACIST')]
2026-03-16 00:21:58.277 [http-nio-8080-exec-7] DEBUG [] o.s.security.web.FilterChainProxy - Securing OPTIONS /api/v1/transfer/receive
2026-03-16 00:21:58.283 [http-nio-8080-exec-3] DEBUG [] o.s.security.web.FilterChainProxy - Securing POST /api/v1/transfer/receive
2026-03-16 00:21:58.286 [http-nio-8080-exec-3] DEBUG [] o.s.security.web.FilterChainProxy - Secured POST /api/v1/transfer/receive
2026-03-16 00:21:58.306 [http-nio-8080-exec-3] DEBUG [] o.s.s.a.m.AuthorizationManagerBeforeMethodInterceptor - Authorizing method invocation ReflectiveMethodInvocation: public org.springframework.http.ResponseEntity pharmatrust.manufacturing_system.controller.TransferController.receiveStock(java.util.Map,org.springframework.security.core.Authentication); target is of class [pharmatrust.manufacturing_system.controller.TransferController]
2026-03-16 00:21:58.307 [http-nio-8080-exec-3] DEBUG [] o.s.s.a.m.AuthorizationManagerBeforeMethodInterceptor - Failed to authorize ReflectiveMethodInvocation: public org.springframework.http.ResponseEntity pharmatrust.manufacturing_system.controller.TransferController.receiveStock(java.util.Map,org.springframework.security.core.Authentication); target is of class [pharmatrust.manufacturing_system.controller.TransferController] with authorization manager org.springframework.security.authorization.ObservationAuthorizationManager@54b866b9 and result ExpressionAuthorizationDecision [granted=false, expressionAttribute=hasAnyAuthority('DISTRIBUTOR','RETAILER','PHARMACIST')]
2026-03-16 00:22:01.099 [http-nio-8080-exec-1] DEBUG [] o.s.security.web.FilterChainProxy - Securing POST /api/v1/transfer/receive
2026-03-16 00:22:01.112 [http-nio-8080-exec-1] DEBUG [] o.s.security.web.FilterChainProxy - Secured POST /api/v1/transfer/receive
2026-03-16 00:22:01.122 [http-nio-8080-exec-1] DEBUG [] o.s.s.a.m.AuthorizationManagerBeforeMethodInterceptor - Authorizing method invocation ReflectiveMethodInvocation: public org.springframework.http.ResponseEntity pharmatrust.manufacturing_system.controller.TransferController.receiveStock(java.util.Map,org.springframework.security.core.Authentication); target is of class [pharmatrust.manufacturing_system.controller.TransferController]
2026-03-16 00:22:01.124 [http-nio-8080-exec-1] DEBUG [] o.s.s.a.m.AuthorizationManagerBeforeMethodInterceptor - Failed to authorize ReflectiveMethodInvocation: public org.springframework.http.ResponseEntity pharmatrust.manufacturing_system.controller.TransferController.receiveStock(java.util.Map,org.springframework.security.core.Authentication); target is of class [pharmatrust.manufacturing_system.controller.TransferController] with authorization manager org.springframework.security.authorization.ObservationAuthorizationManager@54b866b9 and result ExpressionAuthorizationDecision [granted=false, expressionAttribute=hasAnyAuthority('DISTRIBUTOR','RETAILER','PHARMACIST')]
2026-03-16 00:27:38.413 [http-nio-8080-exec-8] DEBUG [] o.s.security.web.FilterChainProxy - Securing OPTIONS /api/v1/auth/login
2026-03-16 00:27:38.427 [http-nio-8080-exec-5] DEBUG [] o.s.security.web.FilterChainProxy - Securing POST /api/v1/auth/login
2026-03-16 00:27:38.429 [http-nio-8080-exec-5] DEBUG [] o.s.s.w.a.AnonymousAuthenticationFilter - Set SecurityContextHolder to anonymous SecurityContext
2026-03-16 00:27:38.431 [http-nio-8080-exec-5] DEBUG [] o.s.security.web.FilterChainProxy - Secured POST /api/v1/auth/login
2026-03-16 00:27:39.174 [http-nio-8080-exec-5] DEBUG [] o.s.s.a.d.DaoAuthenticationProvider - Authenticated user
2026-03-16 00:27:39.207 [http-nio-8080-exec-2] DEBUG [] o.s.security.web.FilterChainProxy - Securing OPTIONS /api/v1/transfer/my-stock
2026-03-16 00:27:39.215 [http-nio-8080-exec-4] DEBUG [] o.s.security.web.FilterChainProxy - Securing OPTIONS /api/v1/transfer/my-history
2026-03-16 00:27:39.215 [http-nio-8080-exec-9] DEBUG [] o.s.security.web.FilterChainProxy - Securing OPTIONS /api/v1/complaints/my
2026-03-16 00:27:39.228 [http-nio-8080-exec-10] DEBUG [] o.s.security.web.FilterChainProxy - Securing GET /api/v1/transfer/my-stock
2026-03-16 00:27:39.228 [http-nio-8080-exec-7] DEBUG [] o.s.security.web.FilterChainProxy - Securing GET /api/v1/complaints/my
2026-03-16 00:27:39.240 [http-nio-8080-exec-6] DEBUG [] o.s.security.web.FilterChainProxy - Securing GET /api/v1/transfer/my-history
2026-03-16 00:27:39.260 [http-nio-8080-exec-6] DEBUG [] o.s.security.web.FilterChainProxy - Secured GET /api/v1/transfer/my-history
2026-03-16 00:27:39.269 [http-nio-8080-exec-7] DEBUG [] o.s.security.web.FilterChainProxy - Secured GET /api/v1/complaints/my
2026-03-16 00:27:39.269 [http-nio-8080-exec-10] DEBUG [] o.s.security.web.FilterChainProxy - Secured GET /api/v1/transfer/my-stock
2026-03-16 00:27:39.271 [http-nio-8080-exec-10] DEBUG [] o.s.s.a.m.AuthorizationManagerBeforeMethodInterceptor - Authorizing method invocation ReflectiveMethodInvocation: public org.springframework.http.ResponseEntity pharmatrust.manufacturing_system.controller.TransferController.getMyStock(org.springframework.security.core.Authentication); target is of class [pharmatrust.manufacturing_system.controller.TransferController]
2026-03-16 00:27:39.271 [http-nio-8080-exec-7] DEBUG [] o.s.s.a.m.AuthorizationManagerBeforeMethodInterceptor - Authorizing method invocation ReflectiveMethodInvocation: public org.springframework.http.ResponseEntity pharmatrust.manufacturing_system.controller.ComplaintController.getMyComplaints(org.springframework.security.core.Authentication); target is of class [pharmatrust.manufacturing_system.controller.ComplaintController]
2026-03-16 00:27:39.274 [http-nio-8080-exec-10] DEBUG [] o.s.s.a.m.AuthorizationManagerBeforeMethodInterceptor - Authorized method invocation ReflectiveMethodInvocation: public org.springframework.http.ResponseEntity pharmatrust.manufacturing_system.controller.TransferController.getMyStock(org.springframework.security.core.Authentication); target is of class [pharmatrust.manufacturing_system.controller.TransferController]
2026-03-16 00:27:39.277 [http-nio-8080-exec-7] DEBUG [] o.s.s.a.m.AuthorizationManagerBeforeMethodInterceptor - Failed to authorize ReflectiveMethodInvocation: public org.springframework.http.ResponseEntity pharmatrust.manufacturing_system.controller.ComplaintController.getMyComplaints(org.springframework.security.core.Authentication); target is of class [pharmatrust.manufacturing_system.controller.ComplaintController] with authorization manager org.springframework.security.authorization.ObservationAuthorizationManager@54b866b9 and result ExpressionAuthorizationDecision [granted=false, expressionAttribute=hasAnyAuthority('DISTRIBUTOR','RETAILER','PHARMACIST')]
2026-03-16 00:27:46.058 [http-nio-8080-exec-3] DEBUG [] o.s.security.web.FilterChainProxy - Securing OPTIONS /api/v1/transfer/receive
2026-03-16 00:27:46.094 [http-nio-8080-exec-3] DEBUG [] o.s.security.web.FilterChainProxy - Securing POST /api/v1/transfer/receive
2026-03-16 00:27:46.125 [http-nio-8080-exec-3] DEBUG [] o.s.security.web.FilterChainProxy - Secured POST /api/v1/transfer/receive
2026-03-16 00:27:46.159 [http-nio-8080-exec-3] DEBUG [] o.s.s.a.m.AuthorizationManagerBeforeMethodInterceptor - Authorizing method invocation ReflectiveMethodInvocation: public org.springframework.http.ResponseEntity pharmatrust.manufacturing_system.controller.TransferController.receiveStock(java.util.Map,org.springframework.security.core.Authentication); target is of class [pharmatrust.manufacturing_system.controller.TransferController]
2026-03-16 00:27:46.168 [http-nio-8080-exec-3] DEBUG [] o.s.s.a.m.AuthorizationManagerBeforeMethodInterceptor - Failed to authorize ReflectiveMethodInvocation: public org.springframework.http.ResponseEntity pharmatrust.manufacturing_system.controller.TransferController.receiveStock(java.util.Map,org.springframework.security.core.Authentication); target is of class [pharmatrust.manufacturing_system.controller.TransferController] with authorization manager org.springframework.security.authorization.ObservationAuthorizationManager@54b866b9 and result ExpressionAuthorizationDecision [granted=false, expressionAttribute=hasAnyAuthority('DISTRIBUTOR','RETAILER','PHARMACIST')]
2026-03-16 00:27:47.174 [http-nio-8080-exec-1] DEBUG [] o.s.security.web.FilterChainProxy - Securing POST /api/v1/transfer/receive
2026-03-16 00:27:47.191 [http-nio-8080-exec-1] DEBUG [] o.s.security.web.FilterChainProxy - Secured POST /api/v1/transfer/receive
2026-03-16 00:27:47.198 [http-nio-8080-exec-1] DEBUG [] o.s.s.a.m.AuthorizationManagerBeforeMethodInterceptor - Authorizing method invocation ReflectiveMethodInvocation: public org.springframework.http.ResponseEntity pharmatrust.manufacturing_system.controller.TransferController.receiveStock(java.util.Map,org.springframework.security.core.Authentication); target is of class [pharmatrust.manufacturing_system.controller.TransferController]
2026-03-16 00:27:47.200 [http-nio-8080-exec-1] DEBUG [] o.s.s.a.m.AuthorizationManagerBeforeMethodInterceptor - Failed to authorize ReflectiveMethodInvocation: public org.springframework.http.ResponseEntity pharmatrust.manufacturing_system.controller.TransferController.receiveStock(java.util.Map,org.springframework.security.core.Authentication); target is of class [pharmatrust.manufacturing_system.controller.TransferController] with authorization manager org.springframework.security.authorization.ObservationAuthorizationManager@54b866b9 and result ExpressionAuthorizationDecision [granted=false, expressionAttribute=hasAnyAuthority('DISTRIBUTOR','RETAILER','PHARMACIST')]
2026-03-16 00:27:47.392 [http-nio-8080-exec-8] DEBUG [] o.s.security.web.FilterChainProxy - Securing POST /api/v1/transfer/receive
2026-03-16 00:27:47.404 [http-nio-8080-exec-8] DEBUG [] o.s.security.web.FilterChainProxy - Secured POST /api/v1/transfer/receive
2026-03-16 00:27:47.413 [http-nio-8080-exec-8] DEBUG [] o.s.s.a.m.AuthorizationManagerBeforeMethodInterceptor - Authorizing method invocation ReflectiveMethodInvocation: public org.springframework.http.ResponseEntity pharmatrust.manufacturing_system.controller.TransferController.receiveStock(java.util.Map,org.springframework.security.core.Authentication); target is of class [pharmatrust.manufacturing_system.controller.TransferController]
2026-03-16 00:27:47.413 [http-nio-8080-exec-8] DEBUG [] o.s.s.a.m.AuthorizationManagerBeforeMethodInterceptor - Failed to authorize ReflectiveMethodInvocation: public org.springframework.http.ResponseEntity pharmatrust.manufacturing_system.controller.TransferController.receiveStock(java.util.Map,org.springframework.security.core.Authentication); target is of class [pharmatrust.manufacturing_system.controller.TransferController] with authorization manager org.springframework.security.authorization.ObservationAuthorizationManager@54b866b9 and result ExpressionAuthorizationDecision [granted=false, expressionAttribute=hasAnyAuthority('DISTRIBUTOR','RETAILER','PHARMACIST')]
2026-03-16 00:28:00.057 [http-nio-8080-exec-5] DEBUG [] o.s.security.web.FilterChainProxy - Securing OPTIONS /api/v1/transfer/receive
2026-03-16 00:28:00.065 [http-nio-8080-exec-2] DEBUG [] o.s.security.web.FilterChainProxy - Securing POST /api/v1/transfer/receive
2026-03-16 00:28:00.084 [http-nio-8080-exec-2] DEBUG [] o.s.security.web.FilterChainProxy - Secured POST /api/v1/transfer/receive
2026-03-16 00:28:00.090 [http-nio-8080-exec-2] DEBUG [] o.s.s.a.m.AuthorizationManagerBeforeMethodInterceptor - Authorizing method invocation ReflectiveMethodInvocation: public org.springframework.http.ResponseEntity pharmatrust.manufacturing_system.controller.TransferController.receiveStock(java.util.Map,org.springframework.security.core.Authentication); target is of class [pharmatrust.manufacturing_system.controller.TransferController]
2026-03-16 00:28:00.096 [http-nio-8080-exec-2] DEBUG [] o.s.s.a.m.AuthorizationManagerBeforeMethodInterceptor - Failed to authorize ReflectiveMethodInvocation: public org.springframework.http.ResponseEntity pharmatrust.manufacturing_system.controller.TransferController.receiveStock(java.util.Map,org.springframework.security.core.Authentication); target is of class [pharmatrust.manufacturing_system.controller.TransferController] with authorization manager org.springframework.security.authorization.ObservationAuthorizationManager@54b866b9 and result ExpressionAuthorizationDecision [granted=false, expressionAttribute=hasAnyAuthority('DISTRIBUTOR','RETAILER','PHARMACIST')]
2026-03-16 00:28:11.800 [http-nio-8080-exec-4] DEBUG [] o.s.security.web.FilterChainProxy - Securing OPTIONS /api/v1/transfer/receive
2026-03-16 00:28:11.808 [http-nio-8080-exec-9] DEBUG [] o.s.security.web.FilterChainProxy - Securing POST /api/v1/transfer/receive
2026-03-16 00:28:11.826 [http-nio-8080-exec-9] DEBUG [] o.s.security.web.FilterChainProxy - Secured POST /api/v1/transfer/receive
2026-03-16 00:28:11.831 [http-nio-8080-exec-9] DEBUG [] o.s.s.a.m.AuthorizationManagerBeforeMethodInterceptor - Authorizing method invocation ReflectiveMethodInvocation: public org.springframework.http.ResponseEntity pharmatrust.manufacturing_system.controller.TransferController.receiveStock(java.util.Map,org.springframework.security.core.Authentication); target is of class [pharmatrust.manufacturing_system.controller.TransferController]
2026-03-16 00:28:11.831 [http-nio-8080-exec-9] DEBUG [] o.s.s.a.m.AuthorizationManagerBeforeMethodInterceptor - Failed to authorize ReflectiveMethodInvocation: public org.springframework.http.ResponseEntity pharmatrust.manufacturing_system.controller.TransferController.receiveStock(java.util.Map,org.springframework.security.core.Authentication); target is of class [pharmatrust.manufacturing_system.controller.TransferController] with authorization manager org.springframework.security.authorization.ObservationAuthorizationManager@54b866b9 and result ExpressionAuthorizationDecision [granted=false, expressionAttribute=hasAnyAuthority('DISTRIBUTOR','RETAILER','PHARMACIST')]
2026-03-16 00:28:12.923 [http-nio-8080-exec-7] DEBUG [] o.s.security.web.FilterChainProxy - Securing POST /api/v1/transfer/receive
2026-03-16 00:28:12.944 [http-nio-8080-exec-7] DEBUG [] o.s.security.web.FilterChainProxy - Secured POST /api/v1/transfer/receive
2026-03-16 00:28:12.944 [http-nio-8080-exec-7] DEBUG [] o.s.s.a.m.AuthorizationManagerBeforeMethodInterceptor - Authorizing method invocation ReflectiveMethodInvocation: public org.springframework.http.ResponseEntity pharmatrust.manufacturing_system.controller.TransferController.receiveStock(java.util.Map,org.springframework.security.core.Authentication); target is of class [pharmatrust.manufacturing_system.controller.TransferController]
2026-03-16 00:28:12.944 [http-nio-8080-exec-7] DEBUG [] o.s.s.a.m.AuthorizationManagerBeforeMethodInterceptor - Failed to authorize ReflectiveMethodInvocation: public org.springframework.http.ResponseEntity pharmatrust.manufacturing_system.controller.TransferController.receiveStock(java.util.Map,org.springframework.security.core.Authentication); target is of class [pharmatrust.manufacturing_system.controller.TransferController] with authorization manager org.springframework.security.authorization.ObservationAuthorizationManager@54b866b9 and result ExpressionAuthorizationDecision [granted=false, expressionAttribute=hasAnyAuthority('DISTRIBUTOR','RETAILER','PHARMACIST')]
2026-03-16 00:29:05.820 [http-nio-8080-exec-6] DEBUG [] o.s.security.web.FilterChainProxy - Securing OPTIONS /api/v1/transfer/initiate
2026-03-16 00:29:05.825 [http-nio-8080-exec-10] DEBUG [] o.s.security.web.FilterChainProxy - Securing POST /api/v1/transfer/initiate
2026-03-16 00:29:05.841 [http-nio-8080-exec-10] DEBUG [] o.s.security.web.FilterChainProxy - Secured POST /api/v1/transfer/initiate
2026-03-16 00:29:05.855 [http-nio-8080-exec-10] DEBUG [] o.s.s.a.m.AuthorizationManagerBeforeMethodInterceptor - Authorizing method invocation ReflectiveMethodInvocation: public org.springframework.http.ResponseEntity pharmatrust.manufacturing_system.controller.TransferController.initiateTransfer(java.util.Map,org.springframework.security.core.Authentication); target is of class [pharmatrust.manufacturing_system.controller.TransferController]
2026-03-16 00:29:05.863 [http-nio-8080-exec-10] DEBUG [] o.s.s.a.m.AuthorizationManagerBeforeMethodInterceptor - Authorized method invocation ReflectiveMethodInvocation: public org.springframework.http.ResponseEntity pharmatrust.manufacturing_system.controller.TransferController.initiateTransfer(java.util.Map,org.springframework.security.core.Authentication); target is of class [pharmatrust.manufacturing_system.controller.TransferController]
2026-03-16 00:29:18.226 [http-nio-8080-exec-3] DEBUG [] o.s.security.web.FilterChainProxy - Securing OPTIONS /api/v1/verify/PAR-20260315-C10A46-D-000000-4F01E99F
2026-03-16 00:29:18.237 [http-nio-8080-exec-1] DEBUG [] o.s.security.web.FilterChainProxy - Securing GET /api/v1/verify/PAR-20260315-C10A46-D-000000-4F01E99F
2026-03-16 00:29:18.260 [http-nio-8080-exec-1] DEBUG [] o.s.security.web.FilterChainProxy - Secured GET /api/v1/verify/PAR-20260315-C10A46-D-000000-4F01E99F
2026-03-16 00:29:30.233 [SpringApplicationShutdownHook] INFO  [] o.s.b.w.e.tomcat.GracefulShutdown - Commencing graceful shutdown. Waiting for active requests to complete
2026-03-16 00:29:30.245 [tomcat-shutdown] INFO  [] o.s.b.w.e.tomcat.GracefulShutdown - Graceful shutdown complete
2026-03-16 00:29:30.299 [SpringApplicationShutdownHook] INFO  [] o.s.o.j.LocalContainerEntityManagerFactoryBean - Closing JPA EntityManagerFactory for persistence unit 'default'
2026-03-16 00:29:30.305 [SpringApplicationShutdownHook] INFO  [] com.zaxxer.hikari.HikariDataSource - HikariPool-1 - Shutdown initiated...
2026-03-16 00:29:30.314 [SpringApplicationShutdownHook] INFO  [] com.zaxxer.hikari.HikariDataSource - HikariPool-1 - Shutdown completed.
2026-03-16 00:32:58.461 [background-preinit] INFO  [] o.h.validator.internal.util.Version - HV000001: Hibernate Validator 8.0.3.Final
2026-03-16 00:32:58.516 [main] INFO  [] p.m.ManufacturingSystemApplication - Starting ManufacturingSystemApplication using Java 23.0.1 with PID 19064 (C:\Users\Satyam Sagar\Downloads\kiro project\manufacturing-system\target\classes started by Satyam Sagar in C:\Users\Satyam Sagar\Downloads\kiro project\manufacturing-system)
2026-03-16 00:32:58.517 [main] DEBUG [] p.m.ManufacturingSystemApplication - Running with Spring Boot v3.5.11, Spring v6.2.16
2026-03-16 00:32:58.517 [main] INFO  [] p.m.ManufacturingSystemApplication - No active profile set, falling back to 1 default profile: "default"
2026-03-16 00:33:00.032 [main] INFO  [] o.s.d.r.c.RepositoryConfigurationDelegate - Multiple Spring Data modules found, entering strict repository configuration mode
2026-03-16 00:33:00.034 [main] INFO  [] o.s.d.r.c.RepositoryConfigurationDelegate - Bootstrapping Spring Data JPA repositories in DEFAULT mode.
2026-03-16 00:33:00.276 [main] INFO  [] o.s.d.r.c.RepositoryConfigurationDelegate - Finished Spring Data repository scanning in 218 ms. Found 11 JPA repository interfaces.
2026-03-16 00:33:02.226 [main] INFO  [] o.s.b.w.e.tomcat.TomcatWebServer - Tomcat initialized with port 8080 (http)
2026-03-16 00:33:02.264 [main] INFO  [] o.a.coyote.http11.Http11NioProtocol - Initializing ProtocolHandler ["http-nio-8080"]
2026-03-16 00:33:02.264 [main] INFO  [] o.a.catalina.core.StandardService - Starting service [Tomcat]
2026-03-16 00:33:02.264 [main] INFO  [] o.a.catalina.core.StandardEngine - Starting Servlet engine: [Apache Tomcat/10.1.52]
2026-03-16 00:33:02.542 [main] INFO  [] o.a.c.c.C.[Tomcat].[localhost].[/] - Initializing Spring embedded WebApplicationContext
2026-03-16 00:33:02.542 [main] INFO  [] o.s.b.w.s.c.ServletWebServerApplicationContext - Root WebApplicationContext: initialization completed in 3970 ms
2026-03-16 00:33:03.357 [main] INFO  [] o.h.jpa.internal.util.LogHelper - HHH000204: Processing PersistenceUnitInfo [name: default]
2026-03-16 00:33:03.525 [main] INFO  [] org.hibernate.Version - HHH000412: Hibernate ORM core version 6.6.42.Final
2026-03-16 00:33:03.609 [main] INFO  [] o.h.c.i.RegionFactoryInitiator - HHH000026: Second-level cache disabled
2026-03-16 00:33:04.405 [main] INFO  [] o.s.o.j.p.SpringPersistenceUnitInfo - No LoadTimeWeaver setup: ignoring JPA class transformer
2026-03-16 00:33:04.511 [main] INFO  [] com.zaxxer.hikari.HikariDataSource - HikariPool-1 - Starting...
2026-03-16 00:33:04.911 [main] INFO  [] com.zaxxer.hikari.pool.HikariPool - HikariPool-1 - Added connection org.postgresql.jdbc.PgConnection@71de1091
2026-03-16 00:33:04.911 [main] INFO  [] com.zaxxer.hikari.HikariDataSource - HikariPool-1 - Start completed.
2026-03-16 00:33:05.025 [main] WARN  [] org.hibernate.orm.deprecation - HHH90000025: PostgreSQLDialect does not need to be specified explicitly using 'hibernate.dialect' (remove the property setting and it will be selected by default)
2026-03-16 00:33:05.085 [main] INFO  [] o.hibernate.orm.connections.pooling - HHH10001005: Database info:
	Database JDBC URL [Connecting through datasource 'HikariDataSource (HikariPool-1)']
	Database driver: undefined/unknown
	Database version: 18.3
	Autocommit mode: undefined/unknown
	Isolation level: undefined/unknown
	Minimum pool size: undefined/unknown
	Maximum pool size: undefined/unknown
2026-03-16 00:33:07.777 [main] INFO  [] o.h.e.t.j.p.i.JtaPlatformInitiator - HHH000489: No JTA platform available (set 'hibernate.transaction.jta.platform' to enable JTA platform integration)
2026-03-16 00:33:08.703 [main] INFO  [] o.s.o.j.LocalContainerEntityManagerFactoryBean - Initialized JPA EntityManagerFactory for persistence unit 'default'
2026-03-16 00:33:09.364 [main] INFO  [] o.s.d.j.r.query.QueryEnhancerFactory - Hibernate is in classpath; If applicable, HQL parser will be used.
2026-03-16 00:33:10.275 [main] DEBUG [] p.m.config.JwtAuthenticationFilter - Filter 'jwtAuthenticationFilter' configured for use
2026-03-16 00:33:11.259 [main] INFO  [] o.s.s.c.a.a.c.InitializeAuthenticationProviderBeanManagerConfigurer$InitializeAuthenticationProviderManagerConfigurer - Global AuthenticationManager configured with AuthenticationProvider bean with name authenticationProvider
2026-03-16 00:33:11.259 [main] WARN  [] o.s.s.c.a.a.c.InitializeUserDetailsBeanManagerConfigurer$InitializeUserDetailsManagerConfigurer - Global AuthenticationManager configured with an AuthenticationProvider bean. UserDetailsService beans will not be used by Spring Security for automatically configuring username/password login. Consider removing the AuthenticationProvider bean. Alternatively, consider using the UserDetailsService in a manually instantiated DaoAuthenticationProvider. If the current configuration is intentional, to turn off this warning, increase the logging level of 'org.springframework.security.config.annotation.authentication.configuration.InitializeUserDetailsBeanManagerConfigurer' to ERROR
2026-03-16 00:33:14.310 [main] WARN  [] o.s.b.a.o.j.JpaBaseConfiguration$JpaWebConfiguration - spring.jpa.open-in-view is enabled by default. Therefore, database queries may be performed during view rendering. Explicitly configure spring.jpa.open-in-view to disable this warning
2026-03-16 00:33:15.014 [main] INFO  [] o.s.b.a.e.web.EndpointLinksResolver - Exposing 4 endpoints beneath base path '/actuator'
2026-03-16 00:33:15.188 [main] DEBUG [] o.s.s.web.DefaultSecurityFilterChain - Will secure any request with filters: DisableEncodeUrlFilter, WebAsyncManagerIntegrationFilter, SecurityContextHolderFilter, HeaderWriterFilter, CorsFilter, LogoutFilter, JwtAuthenticationFilter, RequestCacheAwareFilter, SecurityContextHolderAwareRequestFilter, AnonymousAuthenticationFilter, SessionManagementFilter, ExceptionTranslationFilter, AuthorizationFilter
2026-03-16 00:33:15.737 [main] INFO  [] o.a.coyote.http11.Http11NioProtocol - Starting ProtocolHandler ["http-nio-8080"]
2026-03-16 00:33:15.756 [main] INFO  [] o.s.b.w.e.tomcat.TomcatWebServer - Tomcat started on port 8080 (http) with context path '/'
2026-03-16 00:33:15.774 [main] INFO  [] p.m.ManufacturingSystemApplication - Started ManufacturingSystemApplication in 17.905 seconds (process running for 18.438)
